<?xml version="1.0" encoding="UTF-8"?>
<!-- Generated by org.testng.reporters.JUnitXMLReporter -->
<testsuite hostname="innoppl-PC" name="Test" tests="5" failures="2" timestamp="27 Mar 2018 12:27:16 GMT" time="156.341" errors="0">
  <testcase name="registration" time="40.338" classname="testcases.TC003_Registration">
    <failure type="java.lang.RuntimeException" message="FAILED">
      <![CDATA[java.lang.RuntimeException: FAILED
	at utils.Reporter.reportStep(Reporter.java:34)
	at utils.Reporter.reportStep(Reporter.java:44)
	at pages.P3_MyAccountPage.<init>(P3_MyAccountPage.java:16)
	at pages.P2_CreateAnAccount.clickSubmitCA(P2_CreateAnAccount.java:85)
	at testcases.TC003_Registration.registration(TC003_Registration.java:38)
	at java.util.concurrent.ThreadPoolExecutor.runWorker(Unknown Source)
	at java.util.concurrent.ThreadPoolExecutor$Worker.run(Unknown Source)
	at java.lang.Thread.run(Unknown Source)
... Removed 10 stack frames]]>
    </failure>
  </testcase> <!-- registration -->
  <testcase name="homepage" time="44.202" classname="testcases.TC001_LoginLogOut"/>
  <testcase name="homepage" time="20.178" classname="testcases.TC008_SearchTestCases">
    <failure type="java.lang.RuntimeException" message="FAILED">
      <![CDATA[java.lang.RuntimeException: FAILED
	at utils.Reporter.reportStep(Reporter.java:34)
	at utils.Reporter.reportStep(Reporter.java:44)
	at pages.Search.<init>(Search.java:19)
	at pages.HomePage.clickAllDeptLink(HomePage.java:135)
	at testcases.TC008_SearchTestCases.homepage(TC008_SearchTestCases.java:32)
	at java.util.concurrent.ThreadPoolExecutor.runWorker(Unknown Source)
	at java.util.concurrent.ThreadPoolExecutor$Worker.run(Unknown Source)
	at java.lang.Thread.run(Unknown Source)
... Removed 10 stack frames]]>
    </failure>
  </testcase> <!-- homepage -->
  <testcase name="forgotPassword" time="47.771" classname="testcases.TC005_ForgotPassword"/>
  <testcase name="homePage" time="26.32" classname="testcases.TC007_HomePage"/>
</testsuite> <!-- Test -->
